
2019-11-19 02:29:22...installerHook: Info: custom/install/install_hooks.php not present, no custom hooks to execute
2019-11-19 02:29:26...Begin System Check Process *************
2019-11-19 02:29:26...XML Parsing Support Found
2019-11-19 02:29:26...MBString Support Found
2019-11-19 02:29:26...ZIP Support Found
2019-11-19 02:29:26.../custom directory and subdirectory check passed
2019-11-19 02:29:26...cache directory and subdirectory check passed
2019-11-19 02:29:26.../module  directory and subdirectory check passed
2019-11-19 02:29:26.../upload directory check passed
2019-11-19 02:29:26.../zip check passed
2019-11-19 02:29:26...PCRE version check passed
2019-11-19 02:29:26...installerHook: Info: custom/install/install_hooks.php not present, no custom hooks to execute
2019-11-19 02:29:26...php.ini location found. /etc/php/7.2/apache2/php.ini
2019-11-19 02:29:26...Outputting HTML for System check
2019-11-19 02:29:26...No Errors were found *************
2019-11-19 02:29:26...installerHook: Info: custom/install/install_hooks.php not present, no custom hooks to execute
2019-11-19 02:29:28...installerHook: Info: custom/install/install_hooks.php not present, no custom hooks to execute
2019-11-19 02:31:53...Begin DB Check Process *************
2019-11-19 02:31:53...testing with mysql:mysqli
2019-11-19 02:31:53...Basic form info is valid, continuing Process.
2019-11-19 02:31:53...Testing user account...
2019-11-19 02:31:53...Connection made using  host: localhost, usr: ns
2019-11-19 02:31:53...SUCCESS:: no errors detected!
2019-11-19 02:31:53...End DB Check Process *************
2019-11-19 02:31:53...installerHook: Info: custom/install/install_hooks.php not present, no custom hooks to execute
2019-11-19 02:31:53...calling handleSugarConfig()
2019-11-19 02:31:53...calling handleHtaccess()
2019-11-19 02:31:53...calling handleDbCreateDatabase()
2019-11-19 02:31:54...looping through all the Beans and create their tables
2019-11-19 02:31:54...processing table acl_actions
2019-11-19 02:31:54...creating table acl_actions
2019-11-19 02:31:54...creating Relationship Meta for ACLAction
2019-11-19 02:31:54...processing table acl_roles
2019-11-19 02:31:54...creating table acl_roles
2019-11-19 02:31:54...creating Relationship Meta for ACLRole
2019-11-19 02:31:54...processing table relationships
2019-11-19 02:31:55...creating table relationships
2019-11-19 02:31:55...creating Relationship Meta for Relationship
2019-11-19 02:31:55...processing table leads
2019-11-19 02:31:56...creating table leads
2019-11-19 02:31:56...creating Relationship Meta for Lead
2019-11-19 02:31:57...processing table cases
2019-11-19 02:31:58...creating table cases
2019-11-19 02:31:58...creating Relationship Meta for Case
2019-11-19 02:31:59...processing table bugs
2019-11-19 02:32:00...creating table bugs
2019-11-19 02:32:00...creating Relationship Meta for Bug
2019-11-19 02:32:01...processing table users
2019-11-19 02:32:01...creating table users
2019-11-19 02:32:01...creating Relationship Meta for User
2019-11-19 02:32:02...processing table campaign_log
2019-11-19 02:32:02...creating table campaign_log
2019-11-19 02:32:02...creating Relationship Meta for CampaignLog
2019-11-19 02:32:02...processing table project
2019-11-19 02:32:03...creating table project
2019-11-19 02:32:03...creating Relationship Meta for Project
2019-11-19 02:32:04...processing table project_task
2019-11-19 02:32:05...creating table project_task
2019-11-19 02:32:05...creating Relationship Meta for ProjectTask
2019-11-19 02:32:05...processing table campaigns
2019-11-19 02:32:06...creating table campaigns
2019-11-19 02:32:06...creating Relationship Meta for Campaign
2019-11-19 02:32:07...processing table prospect_lists
2019-11-19 02:32:08...creating table prospect_lists
2019-11-19 02:32:08...creating Relationship Meta for ProspectList
2019-11-19 02:32:08...processing table prospects
2019-11-19 02:32:09...creating table prospects
2019-11-19 02:32:09...creating Relationship Meta for Prospect
2019-11-19 02:32:10...processing table email_marketing
2019-11-19 02:32:11...creating table email_marketing
2019-11-19 02:32:11...creating Relationship Meta for EmailMarketing
2019-11-19 02:32:11...processing table campaign_trkrs
2019-11-19 02:32:11...creating table campaign_trkrs
2019-11-19 02:32:11...creating Relationship Meta for CampaignTracker
2019-11-19 02:32:11...processing table releases
2019-11-19 02:32:11...creating table releases
2019-11-19 02:32:11...creating Relationship Meta for Release
2019-11-19 02:32:11...processing table emailman
2019-11-19 02:32:12...creating table emailman
2019-11-19 02:32:12...creating Relationship Meta for EmailMan
2019-11-19 02:32:12...processing table schedulers
2019-11-19 02:32:12...creating table schedulers
2019-11-19 02:32:12...creating Relationship Meta for Scheduler
2019-11-19 02:32:12...processing table job_queue
2019-11-19 02:32:13...creating table job_queue
2019-11-19 02:32:13...creating Relationship Meta for SchedulersJob
2019-11-19 02:32:13...processing table contacts
2019-11-19 02:32:15...creating table contacts
2019-11-19 02:32:15...creating Relationship Meta for Contact
2019-11-19 02:32:16...processing table accounts
2019-11-19 02:32:17...creating table accounts
2019-11-19 02:32:17...creating Relationship Meta for Account
2019-11-19 02:32:18...processing table opportunities
2019-11-19 02:32:19...creating table opportunities
2019-11-19 02:32:19...creating Relationship Meta for Opportunity
2019-11-19 02:32:20...processing table email_templates
2019-11-19 02:32:21...creating table email_templates
2019-11-19 02:32:21...creating Relationship Meta for EmailTemplate
2019-11-19 02:32:21...processing table notes
2019-11-19 02:32:22...creating table notes
2019-11-19 02:32:22...creating Relationship Meta for Note
2019-11-19 02:32:22...processing table calls
2019-11-19 02:32:23...creating table calls
2019-11-19 02:32:23...creating Relationship Meta for Call
2019-11-19 02:32:23...processing table emails
2019-11-19 02:32:24...creating table emails
2019-11-19 02:32:24...creating Relationship Meta for Email
2019-11-19 02:32:25...processing table meetings
2019-11-19 02:32:26...creating table meetings
2019-11-19 02:32:26...creating Relationship Meta for Meeting
2019-11-19 02:32:26...processing table tasks
2019-11-19 02:32:27...creating table tasks
2019-11-19 02:32:27...creating Relationship Meta for Task
2019-11-19 02:32:27...processing table users
2019-11-19 02:32:27...processing table users
2019-11-19 02:32:27...processing table currencies
2019-11-19 02:32:28...creating table currencies
2019-11-19 02:32:28...creating Relationship Meta for Currency
2019-11-19 02:32:28...processing table tracker
2019-11-19 02:32:28...creating table tracker
2019-11-19 02:32:28...creating Relationship Meta for Tracker
2019-11-19 02:32:28...processing table import_maps
2019-11-19 02:32:28...creating table import_maps
2019-11-19 02:32:28...creating Relationship Meta for ImportMap
2019-11-19 02:32:28...processing table users_last_import
2019-11-19 02:32:29...creating table users_last_import
2019-11-19 02:32:29...creating Relationship Meta for UsersLastImport
2019-11-19 02:32:29...processing table config
2019-11-19 02:32:29...creating table config
2019-11-19 02:32:29...creating Relationship Meta for Administration
2019-11-19 02:32:29...processing table upgrade_history
2019-11-19 02:32:30...creating table upgrade_history
2019-11-19 02:32:30...creating Relationship Meta for UpgradeHistory
2019-11-19 02:32:30...processing table vcals
2019-11-19 02:32:30...creating table vcals
2019-11-19 02:32:30...creating Relationship Meta for vCal
2019-11-19 02:32:30...processing table alerts
2019-11-19 02:32:31...creating table alerts
2019-11-19 02:32:31...creating Relationship Meta for Alert
2019-11-19 02:32:31...processing table roles
2019-11-19 02:32:31...creating table roles
2019-11-19 02:32:31...creating Relationship Meta for Role
2019-11-19 02:32:31...processing table documents
2019-11-19 02:32:32...creating table documents
2019-11-19 02:32:32...creating Relationship Meta for Document
2019-11-19 02:32:32...processing table document_revisions
2019-11-19 02:32:33...creating table document_revisions
2019-11-19 02:32:33...creating Relationship Meta for DocumentRevision
2019-11-19 02:32:33...processing table fields_meta_data
2019-11-19 02:32:33...creating table fields_meta_data
2019-11-19 02:32:33...creating Relationship Meta for FieldsMetaData
2019-11-19 02:32:33...processing table inbound_email
2019-11-19 02:32:33...creating table inbound_email
2019-11-19 02:32:33...creating Relationship Meta for InboundEmail
2019-11-19 02:32:33...processing table saved_search
2019-11-19 02:32:34...creating table saved_search
2019-11-19 02:32:34...creating Relationship Meta for SavedSearch
2019-11-19 02:32:34...processing table user_preferences
2019-11-19 02:32:34...creating table user_preferences
2019-11-19 02:32:34...creating Relationship Meta for UserPreference
2019-11-19 02:32:34...processing table 
2019-11-19 02:32:34...processing table email_addresses
2019-11-19 02:32:35...creating table email_addresses
2019-11-19 02:32:35...creating Relationship Meta for EmailAddress
2019-11-19 02:32:35...processing table emails_text
2019-11-19 02:32:35...creating table emails_text
2019-11-19 02:32:35...creating Relationship Meta for EmailText
2019-11-19 02:32:35...processing table spots
2019-11-19 02:32:36...creating table spots
2019-11-19 02:32:36...creating Relationship Meta for Spots
2019-11-19 02:32:36...processing table aobh_businesshours
2019-11-19 02:32:37...creating table aobh_businesshours
2019-11-19 02:32:37...creating Relationship Meta for AOBH_BusinessHours
2019-11-19 02:32:37...processing table sugarfeed
2019-11-19 02:32:37...creating table sugarfeed
2019-11-19 02:32:37...creating Relationship Meta for SugarFeed
2019-11-19 02:32:37...processing table eapm
2019-11-19 02:32:38...creating table eapm
2019-11-19 02:32:38...creating Relationship Meta for EAPM
2019-11-19 02:32:38...processing table oauth_consumer
2019-11-19 02:32:39...creating table oauth_consumer
2019-11-19 02:32:39...creating Relationship Meta for OAuthKey
2019-11-19 02:32:39...processing table oauth_tokens
2019-11-19 02:32:39...creating table oauth_tokens
2019-11-19 02:32:39...creating Relationship Meta for OAuthToken
2019-11-19 02:32:39...processing table am_projecttemplates
2019-11-19 02:32:40...creating table am_projecttemplates
2019-11-19 02:32:40...creating Relationship Meta for AM_ProjectTemplates
2019-11-19 02:32:40...processing table am_tasktemplates
2019-11-19 02:32:42...creating table am_tasktemplates
2019-11-19 02:32:42...creating Relationship Meta for AM_TaskTemplates
2019-11-19 02:32:42...processing table favorites
2019-11-19 02:32:42...creating table favorites
2019-11-19 02:32:42...creating Relationship Meta for Favorites
2019-11-19 02:32:42...processing table aok_knowledge_base_categories
2019-11-19 02:32:43...creating table aok_knowledge_base_categories
2019-11-19 02:32:43...creating Relationship Meta for AOK_Knowledge_Base_Categories
2019-11-19 02:32:44...processing table aok_knowledgebase
2019-11-19 02:32:45...creating table aok_knowledgebase
2019-11-19 02:32:45...creating Relationship Meta for AOK_KnowledgeBase
2019-11-19 02:32:45...processing table reminders
2019-11-19 02:32:46...creating table reminders
2019-11-19 02:32:46...creating Relationship Meta for Reminder
2019-11-19 02:32:46...processing table reminders_invitees
2019-11-19 02:32:47...creating table reminders_invitees
2019-11-19 02:32:47...creating Relationship Meta for Reminder_Invitee
2019-11-19 02:32:47...processing table fp_events
2019-11-19 02:32:48...creating table fp_events
2019-11-19 02:32:48...creating Relationship Meta for FP_events
2019-11-19 02:32:48...processing table fp_event_locations
2019-11-19 02:32:49...creating table fp_event_locations
2019-11-19 02:32:49...creating Relationship Meta for FP_Event_Locations
2019-11-19 02:32:49...processing table aod_indexevent
2019-11-19 02:32:51...creating table aod_indexevent
2019-11-19 02:32:51...creating Relationship Meta for AOD_IndexEvent
2019-11-19 02:32:51...processing table aod_index
2019-11-19 02:32:52...creating table aod_index
2019-11-19 02:32:52...creating Relationship Meta for AOD_Index
2019-11-19 02:32:52...processing table aop_case_events
2019-11-19 02:32:53...creating table aop_case_events
2019-11-19 02:32:53...creating Relationship Meta for AOP_Case_Events
2019-11-19 02:32:53...processing table aop_case_updates
2019-11-19 02:32:54...creating table aop_case_updates
2019-11-19 02:32:54...creating Relationship Meta for AOP_Case_Updates
2019-11-19 02:32:55...processing table aor_reports
2019-11-19 02:32:56...creating table aor_reports
2019-11-19 02:32:56...creating Relationship Meta for AOR_Report
2019-11-19 02:32:56...processing table aor_fields
2019-11-19 02:32:57...creating table aor_fields
2019-11-19 02:32:57...creating Relationship Meta for AOR_Field
2019-11-19 02:32:57...processing table aor_charts
2019-11-19 02:32:57...creating table aor_charts
2019-11-19 02:32:57...creating Relationship Meta for AOR_Chart
2019-11-19 02:32:57...processing table aor_conditions
2019-11-19 02:32:58...creating table aor_conditions
2019-11-19 02:32:58...creating Relationship Meta for AOR_Condition
2019-11-19 02:32:58...processing table aor_scheduled_reports
2019-11-19 02:32:58...creating table aor_scheduled_reports
2019-11-19 02:32:58...creating Relationship Meta for AOR_Scheduled_Reports
2019-11-19 02:32:59...processing table aos_contracts
2019-11-19 02:33:00...creating table aos_contracts
2019-11-19 02:33:00...creating Relationship Meta for AOS_Contracts
2019-11-19 02:33:00...processing table aos_invoices
2019-11-19 02:33:01...creating table aos_invoices
2019-11-19 02:33:01...creating Relationship Meta for AOS_Invoices
2019-11-19 02:33:02...processing table aos_pdf_templates
2019-11-19 02:33:03...creating table aos_pdf_templates
2019-11-19 02:33:03...creating Relationship Meta for AOS_PDF_Templates
2019-11-19 02:33:03...processing table aos_product_categories
2019-11-19 02:33:04...creating table aos_product_categories
2019-11-19 02:33:04...creating Relationship Meta for AOS_Product_Categories
2019-11-19 02:33:05...processing table aos_products
2019-11-19 02:33:06...creating table aos_products
2019-11-19 02:33:06...creating Relationship Meta for AOS_Products
2019-11-19 02:33:06...processing table aos_products_quotes
2019-11-19 02:33:07...creating table aos_products_quotes
2019-11-19 02:33:07...creating Relationship Meta for AOS_Products_Quotes
2019-11-19 02:33:07...processing table aos_line_item_groups
2019-11-19 02:33:08...creating table aos_line_item_groups
2019-11-19 02:33:08...creating Relationship Meta for AOS_Line_Item_Groups
2019-11-19 02:33:08...processing table aos_quotes
2019-11-19 02:33:09...creating table aos_quotes
2019-11-19 02:33:09...creating Relationship Meta for AOS_Quotes
2019-11-19 02:33:09...processing table aow_actions
2019-11-19 02:33:10...creating table aow_actions
2019-11-19 02:33:10...creating Relationship Meta for AOW_Action
2019-11-19 02:33:10...processing table aow_workflow
2019-11-19 02:33:11...creating table aow_workflow
2019-11-19 02:33:11...creating Relationship Meta for AOW_WorkFlow
2019-11-19 02:33:12...processing table aow_processed
2019-11-19 02:33:13...creating table aow_processed
2019-11-19 02:33:13...creating Relationship Meta for AOW_Processed
2019-11-19 02:33:13...processing table aow_conditions
2019-11-19 02:33:13...creating table aow_conditions
2019-11-19 02:33:13...creating Relationship Meta for AOW_Condition
2019-11-19 02:33:13...processing table jjwg_maps
2019-11-19 02:33:14...creating table jjwg_maps
2019-11-19 02:33:14...creating Relationship Meta for jjwg_Maps
2019-11-19 02:33:15...processing table jjwg_markers
2019-11-19 02:33:17...creating table jjwg_markers
2019-11-19 02:33:17...creating Relationship Meta for jjwg_Markers
2019-11-19 02:33:17...processing table jjwg_areas
2019-11-19 02:33:19...creating table jjwg_areas
2019-11-19 02:33:19...creating Relationship Meta for jjwg_Areas
2019-11-19 02:33:19...processing table jjwg_address_cache
2019-11-19 02:33:20...creating table jjwg_address_cache
2019-11-19 02:33:20...creating Relationship Meta for jjwg_Address_Cache
2019-11-19 02:33:20...processing table calls_reschedule
2019-11-19 02:33:22...creating table calls_reschedule
2019-11-19 02:33:22...creating Relationship Meta for Calls_Reschedule
2019-11-19 02:33:22...processing table securitygroups
2019-11-19 02:33:23...creating table securitygroups
2019-11-19 02:33:23...creating Relationship Meta for SecurityGroup
2019-11-19 02:33:23...processing table outbound_email
2019-11-19 02:33:25...creating table outbound_email
2019-11-19 02:33:25...creating Relationship Meta for OutboundEmailAccounts
2019-11-19 02:33:25...processing table templatesectionline
2019-11-19 02:33:26...creating table templatesectionline
2019-11-19 02:33:26...creating Relationship Meta for TemplateSectionLine
2019-11-19 02:33:26...processing table oauth2tokens
2019-11-19 02:33:26...creating table oauth2tokens
2019-11-19 02:33:26...creating Relationship Meta for OAuth2Tokens
2019-11-19 02:33:26...processing table oauth2clients
2019-11-19 02:33:27...creating table oauth2clients
2019-11-19 02:33:27...creating Relationship Meta for OAuth2Clients
2019-11-19 02:33:27...processing table surveyresponses
2019-11-19 02:33:28...creating table surveyresponses
2019-11-19 02:33:28...creating Relationship Meta for SurveyResponses
2019-11-19 02:33:29...processing table surveys
2019-11-19 02:33:30...creating table surveys
2019-11-19 02:33:30...creating Relationship Meta for Surveys
2019-11-19 02:33:30...processing table surveyquestionresponses
2019-11-19 02:33:31...creating table surveyquestionresponses
2019-11-19 02:33:31...creating Relationship Meta for SurveyQuestionResponses
2019-11-19 02:33:32...processing table surveyquestions
2019-11-19 02:33:33...creating table surveyquestions
2019-11-19 02:33:33...creating Relationship Meta for SurveyQuestions
2019-11-19 02:33:33...processing table surveyquestionoptions
2019-11-19 02:33:34...creating table surveyquestionoptions
2019-11-19 02:33:34...creating Relationship Meta for SurveyQuestionOptions
2019-11-19 02:34:38...Begin creating Defaults
2019-11-19 02:34:38...insert defaults into config table
2019-11-19 02:34:39...Creating default users
2019-11-19 02:34:40...Creating default scheduler jobs
2019-11-19 02:34:41...Creating default encryption key...
2019-11-19 02:34:41...Enable SugarFeeds
2019-11-19 02:34:42...Installation has completed *********
2019-11-19 02:35:50...populating the db with seed data
2019-11-19 02:35:50...Save configuration settings..
2019-11-19 02:35:50...save locale
2019-11-19 02:35:50...new Administration
2019-11-19 02:35:50...retrieveSettings
2019-11-19 02:35:50...AdminWizard OFF
2019-11-19 02:35:50...saveConfig
2019-11-19 02:35:50...new Configurator
2019-11-19 02:35:50...populateFromPost
2019-11-19 02:35:50...handleOverride
2019-11-19 02:35:50...addCronAllowedUser
2019-11-19 02:35:50...saveConfig
2019-11-19 02:35:50...new Currency
2019-11-19 02:35:50...retrieve
2019-11-19 02:35:50...DBG: save currency
2019-11-19 02:35:50...Save user settings..
2019-11-19 02:35:50...DBG: SugarThemeRegistry::getDefault
2019-11-19 02:37:33...installerHook: Info: custom/install/install_hooks.php not present, no custom hooks to execute